c:\users\hp\desktop\учёба\диплом\sample\dx11tutorial\dx11tutorial01\dx11tutorial01\x64\debug\vc142.pdb
c:\users\hp\desktop\учёба\диплом\sample\dx11tutorial\dx11tutorial01\dx11tutorial01\x64\debug\vc142.idb
c:\users\hp\desktop\учёба\диплом\sample\dx11tutorial\dx11tutorial01\dx11tutorial01\x64\debug\wictextureloader.obj
c:\users\hp\desktop\учёба\диплом\sample\dx11tutorial\dx11tutorial01\dx11tutorial01\x64\debug\vectorfield.obj
c:\users\hp\desktop\учёба\диплом\sample\dx11tutorial\dx11tutorial01\dx11tutorial01\x64\debug\renderer.obj
c:\users\hp\desktop\учёба\диплом\sample\dx11tutorial\dx11tutorial01\dx11tutorial01\x64\debug\image.obj
c:\users\hp\desktop\учёба\диплом\sample\dx11tutorial\dx11tutorial01\dx11tutorial01\x64\debug\dx11tutorial01.obj
c:\users\hp\desktop\учёба\диплом\sample\dx11tutorial\dx11tutorial01\dx11tutorial01\x64\debug\ddstextureloader11.obj
c:\users\hp\desktop\учёба\диплом\sample\dx11tutorial\dx11tutorial01\x64\debug\dx11tutorial01.exe
c:\users\hp\desktop\учёба\диплом\sample\dx11tutorial\dx11tutorial01\dx11tutorial01\x64\debug\dx11tutorial01.ilk
c:\users\hp\desktop\учёба\диплом\sample\dx11tutorial\dx11tutorial01\x64\debug\dx11tutorial01.pdb
c:\users\hp\desktop\учёба\диплом\sample\dx11tutorial\dx11tutorial01\dx11tutorial01\x64\debug\dx11tutorial01.res
c:\users\hp\desktop\учёба\диплом\sample\dx11tutorial\dx11tutorial01\dx11tutorial01\x64\debug\dx11tutorial01.tlog\cl.command.1.tlog
c:\users\hp\desktop\учёба\диплом\sample\dx11tutorial\dx11tutorial01\dx11tutorial01\x64\debug\dx11tutorial01.tlog\cl.read.1.tlog
c:\users\hp\desktop\учёба\диплом\sample\dx11tutorial\dx11tutorial01\dx11tutorial01\x64\debug\dx11tutorial01.tlog\cl.write.1.tlog
c:\users\hp\desktop\учёба\диплом\sample\dx11tutorial\dx11tutorial01\dx11tutorial01\x64\debug\dx11tutorial01.tlog\link.command.1.tlog
c:\users\hp\desktop\учёба\диплом\sample\dx11tutorial\dx11tutorial01\dx11tutorial01\x64\debug\dx11tutorial01.tlog\link.read.1.tlog
c:\users\hp\desktop\учёба\диплом\sample\dx11tutorial\dx11tutorial01\dx11tutorial01\x64\debug\dx11tutorial01.tlog\link.write.1.tlog
c:\users\hp\desktop\учёба\диплом\sample\dx11tutorial\dx11tutorial01\dx11tutorial01\x64\debug\dx11tutorial01.tlog\rc.command.1.tlog
c:\users\hp\desktop\учёба\диплом\sample\dx11tutorial\dx11tutorial01\dx11tutorial01\x64\debug\dx11tutorial01.tlog\rc.read.1.tlog
c:\users\hp\desktop\учёба\диплом\sample\dx11tutorial\dx11tutorial01\dx11tutorial01\x64\debug\dx11tutorial01.tlog\rc.write.1.tlog
