  Renderer.cpp
  VectorField.cpp
C:\Users\HP\Desktop\Учёба\Диплом\Sample\DX11Tutorial\DX11Tutorial01\DX11Tutorial01\VectorField.cpp(96,13): warning C4244: инициализация: преобразование "double" в "size_t", возможна потеря данных
C:\Users\HP\Desktop\Учёба\Диплом\Sample\DX11Tutorial\DX11Tutorial01\DX11Tutorial01\VectorField.cpp(122,27): warning C4267: инициализация: преобразование из "size_t" в "int"; возможна потеря данных
C:\Users\HP\Desktop\Учёба\Диплом\Sample\DX11Tutorial\DX11Tutorial01\DX11Tutorial01\VectorField.cpp(123,27): warning C4267: инициализация: преобразование из "size_t" в "int"; возможна потеря данных
C:\Users\HP\Desktop\Учёба\Диплом\Sample\DX11Tutorial\DX11Tutorial01\DX11Tutorial01\VectorField.cpp(128,24): warning C4267: инициализация: преобразование из "size_t" в "int"; возможна потеря данных
C:\Users\HP\Desktop\Учёба\Диплом\Sample\DX11Tutorial\DX11Tutorial01\DX11Tutorial01\VectorField.cpp(129,24): warning C4267: инициализация: преобразование из "size_t" в "int"; возможна потеря данных
C:\Program Files (x86)\Microsoft Visual Studio\2019\Community\VC\Tools\MSVC\14.29.30037\include\utility(319,1): warning C4267: =: преобразование из "size_t" в "_Ty2"; возможна потеря данных
          with
          [
              _Ty2=int
          ]
C:\Users\HP\Desktop\Учёба\Диплом\Sample\DX11Tutorial\DX11Tutorial01\DX11Tutorial01\VectorField.cpp(109): message : выполняется компиляция ссылки на экземпляр шаблон функции "std::pair<int,int> &std::pair<int,int>::operator =<int,unsigned __int64,0>(std::pair<int,unsigned __int64> &&) noexcept"
C:\Users\HP\Desktop\Учёба\Диплом\Sample\DX11Tutorial\DX11Tutorial01\DX11Tutorial01\VectorField.cpp(109): message : выполняется компиляция ссылки на экземпляр шаблон функции "std::pair<int,int> &std::pair<int,int>::operator =<int,unsigned __int64,0>(std::pair<int,unsigned __int64> &&) noexcept"
  Создание кода
  8 of 438 functions ( 1.8%) were compiled, the rest were copied from previous compilation.
    0 functions were new in current compilation
    13 functions had inline decision re-evaluated but remain unchanged
  Создание кода завершено
  DX11Tutorial01.vcxproj -> C:\Users\HP\Desktop\Учёба\Диплом\Sample\DX11Tutorial\DX11Tutorial01\x64\Release\DX11Tutorial01.exe
